[Nov 09 19:05:58] INFO  (NetworkCleanerMIO.java:34) - running edu.univalle.brt.network.NetworkCleanerMIO algorithm...
[Nov 09 19:05:58] INFO  (NetworkCleanerMIO.java:35) -   initial network contains 2029 nodes and 2659 links.
[Nov 09 19:05:58] INFO  (NetworkCleanerMIO.java:46) -   checking 2029 nodes for isolated nodes...
[Nov 09 19:05:58] INFO  (NetworkCleanerMIO.java:58) -     node 20 removed from network...
[Nov 09 19:05:58] INFO  (NetworkCleanerMIO.java:58) -     node 51 removed from network...
[Nov 09 19:05:58] INFO  (NetworkCleanerMIO.java:58) -     node PTP_SAL removed from network...
[Nov 09 19:05:58] INFO  (NetworkCleanerMIO.java:58) -     node PPM_SAL removed from network...
[Nov 09 19:05:58] INFO  (NetworkCleanerMIO.java:58) -     node PPM_ENT removed from network...
[Nov 09 19:05:58] INFO  (NetworkCleanerMIO.java:58) -     node PVL-SAL removed from network...
[Nov 09 19:05:58] INFO  (NetworkCleanerMIO.java:58) -     node PVL-ENT removed from network...
[Nov 09 19:05:58] INFO  (NetworkCleanerMIO.java:58) -     node PCS-SAL removed from network...
[Nov 09 19:05:58] INFO  (NetworkCleanerMIO.java:58) -     node PCS-ENT removed from network...
[Nov 09 19:05:58] INFO  (NetworkCleanerMIO.java:58) -     node PTP_ENT removed from network...
[Nov 09 19:05:58] INFO  (NetworkCleanerMIO.java:58) -     node K1C70A1 removed from network...
[Nov 09 19:05:58] INFO  (NetworkCleanerMIO.java:63) -     11 nodes removed from the network.
[Nov 09 19:05:58] INFO  (NetworkCleanerMIO.java:64) -   done.
[Nov 09 19:05:58] INFO  (NetworkCleaner.java:175) -   checking 2659 links for zero length links...
[Nov 09 19:05:58] INFO  (NetworkCleaner.java:213) -     0 links removed from the network.
[Nov 09 19:05:58] INFO  (NetworkCleaner.java:214) -   done.
[Nov 09 19:05:58] INFO  (NetworkCleanerMIO.java:40) -   resulting network contains 2018 nodes and 2659 links.
[Nov 09 19:05:58] INFO  (NetworkCleanerMIO.java:41) - done.
[Nov 09 19:05:58] INFO  (NetworkWriter.java:46) - Writing network to file: ./output/specialNetwork.xml...
[Nov 09 19:05:58] INFO  (NetworkWriter.java:49) - done.
[Nov 09 19:05:58] INFO  (NetworkCreatorMIO.java:74) - Writing of specialNetwork, finished #################################
